<?xml version="1.0" encoding="UTF-8"?>
<testng-results ignored="0" total="1" passed="1" failed="0" skipped="0">
  <reporter-output>
  </reporter-output>
  <suite started-at="2022-07-05T22:38:38 IST" name="Default suite" finished-at="2022-07-05T22:38:46 IST" duration-ms="8146">
    <groups>
    </groups>
    <test started-at="2022-07-05T22:38:38 IST" name="Default test" finished-at="2022-07-05T22:38:46 IST" duration-ms="8146">
      <class name="com.testcases.tc004_CreateContact">
        <test-method is-config="true" signature="preCondition()[pri:0, instance:com.testcases.tc004_CreateContact@66d3eec0]" started-at="2022-07-05T22:38:38 IST" name="preCondition" finished-at="2022-07-05T22:38:39 IST" duration-ms="1612" status="PASS">
          <reporter-output>
          </reporter-output>
        </test-method> <!-- preCondition -->
        <test-method signature="createContactVerification()[pri:0, instance:com.testcases.tc004_CreateContact@66d3eec0]" started-at="2022-07-05T22:38:39 IST" name="createContactVerification" finished-at="2022-07-05T22:38:46 IST" duration-ms="6515" status="PASS">
          <reporter-output>
          </reporter-output>
        </test-method> <!-- createContactVerification -->
      </class> <!-- com.testcases.tc004_CreateContact -->
    </test> <!-- Default test -->
  </suite> <!-- Default suite -->
</testng-results>
